\BOOKMARK [0][-]{chapter*.2}{\376\377\000I\000n\000t\000r\000o\000d\000u\000c\000t\000i\000o\000n}{}% 1
\BOOKMARK [1][-]{section*.3}{\376\377\000S\000y\000s\000t\000e\000m\000\040\000R\000e\000q\000u\000i\000r\000e\000m\000e\000n\000t\000s}{chapter*.2}% 2
\BOOKMARK [1][-]{section*.4}{\376\377\000C\000a\000v\000e\000a\000t}{chapter*.2}% 3
\BOOKMARK [0][-]{chapter.1}{\376\377\000G\000e\000t\000t\000i\000n\000g\000\040\000s\000t\000a\000r\000t\000e\000d}{}% 4
\BOOKMARK [0][-]{chapter.2}{\376\377\000C\000o\000n\000v\000e\000r\000t\000i\000n\000g\000\040\000f\000r\000o\000m\000\040\000L\000a\000T\000e\000X\000\040\000n\000o\000t\000e\000s}{}% 5
\BOOKMARK [1][-]{section.2.1}{\376\377\000C\000o\000n\000v\000e\000r\000t\000i\000n\000g\000\040\000t\000e\000x\000\040\000f\000i\000l\000e\000s}{chapter.2}% 6
\BOOKMARK [1][-]{section.2.2}{\376\377\000B\000a\000t\000c\000h\000\040\000c\000o\000n\000v\000e\000r\000s\000i\000o\000n}{chapter.2}% 7
\BOOKMARK [1][-]{section.2.3}{\376\377\000T\000i\000d\000y\000i\000n\000g\000\040\000u\000p\000\040\000t\000h\000e\000\040\000R\000m\000d\000\040\000f\000i\000l\000e}{chapter.2}% 8
\BOOKMARK [1][-]{section.2.4}{\376\377\000N\000o\000t\000e\000s\000\040\000w\000i\000t\000h\000\040\000g\000a\000p\000s}{chapter.2}% 9
\BOOKMARK [0][-]{chapter.3}{\376\377\000C\000h\000a\000p\000t\000e\000r\000s\000,\000\040\000s\000e\000c\000t\000i\000o\000n\000s\000,\000\040\000e\000t\000c}{}% 10
\BOOKMARK [1][-]{section.3.1}{\376\377\000F\000i\000l\000e\000\040\000S\000t\000r\000u\000c\000t\000u\000r\000e}{chapter.3}% 11
\BOOKMARK [1][-]{section.3.2}{\376\377\000H\000e\000a\000d\000i\000n\000g\000s}{chapter.3}% 12
\BOOKMARK [1][-]{section.3.3}{\376\377\000C\000r\000o\000s\000s\000\040\000r\000e\000f\000e\000r\000e\000n\000c\000i\000n\000g}{chapter.3}% 13
\BOOKMARK [0][-]{chapter.4}{\376\377\000F\000i\000g\000u\000r\000e\000s}{}% 14
\BOOKMARK [1][-]{section.4.1}{\376\377\000A\000d\000d\000i\000n\000g\000\040\000f\000i\000g\000u\000r\000e\000s}{chapter.4}% 15
\BOOKMARK [1][-]{section.4.2}{\376\377\000F\000i\000g\000u\000r\000e\000\040\000c\000a\000p\000t\000i\000o\000n\000s}{chapter.4}% 16
\BOOKMARK [1][-]{section.4.3}{\376\377\000F\000i\000g\000u\000r\000e\000\040\000n\000u\000m\000b\000e\000r\000i\000n\000g\000\040\000a\000n\000d\000\040\000r\000e\000f\000e\000r\000e\000n\000c\000i\000n\000g}{chapter.4}% 17
\BOOKMARK [0][-]{chapter.5}{\376\377\000E\000q\000u\000a\000t\000i\000o\000n\000s}{}% 18
\BOOKMARK [1][-]{section.5.1}{\376\377\000E\000q\000u\000a\000t\000i\000o\000n\000\040\000s\000y\000n\000t\000a\000x}{chapter.5}% 19
\BOOKMARK [1][-]{section.5.2}{\376\377\000E\000q\000u\000a\000t\000i\000o\000n\000\040\000n\000u\000m\000b\000e\000r\000s\000\040\000a\000n\000d\000\040\000l\000a\000b\000e\000l\000s}{chapter.5}% 20
\BOOKMARK [1][-]{section.5.3}{\376\377\000C\000r\000o\000s\000s\000\040\000r\000e\000f\000e\000r\000e\000n\000c\000i\000n\000g\000\040\000e\000q\000u\000a\000t\000i\000o\000n\000s}{chapter.5}% 21
\BOOKMARK [1][-]{section.5.4}{\376\377\000M\000a\000t\000h\000s\000\040\000i\000n\000\040\000c\000a\000p\000t\000i\000o\000n\000s}{chapter.5}% 22
\BOOKMARK [0][-]{chapter.6}{\376\377\000T\000a\000b\000l\000e\000s}{}% 23
\BOOKMARK [1][-]{section.6.1}{\376\377\000M\000a\000r\000k\000d\000o\000w\000n\000\040\000t\000a\000b\000l\000e\000\040\000g\000e\000n\000e\000r\000a\000t\000o\000r}{chapter.6}% 24
\BOOKMARK [1][-]{section.6.2}{\376\377\000T\000a\000b\000l\000e\000\040\000s\000y\000n\000t\000a\000x}{chapter.6}% 25
\BOOKMARK [0][-]{chapter.7}{\376\377\000R\000e\000f\000e\000r\000e\000n\000c\000i\000n\000g}{}% 26
\BOOKMARK [1][-]{section.7.1}{\376\377\000A\000d\000d\000i\000n\000g\000\040\000c\000i\000t\000a\000t\000i\000o\000n\000s}{chapter.7}% 27
\BOOKMARK [1][-]{section.7.2}{\376\377\000B\000i\000b\000l\000i\000o\000g\000r\000a\000p\000h\000y\000\040\000f\000i\000l\000e\000s}{chapter.7}% 28
\BOOKMARK [1][-]{section.7.3}{\376\377\000R\000e\000f\000e\000r\000e\000n\000c\000e\000\040\000s\000t\000y\000l\000e}{chapter.7}% 29
\BOOKMARK [0][-]{chapter.8}{\376\377\000P\000u\000b\000l\000i\000s\000h\000i\000n\000g}{}% 30
\BOOKMARK [1][-]{section.8.1}{\376\377\000C\000o\000m\000p\000i\000l\000i\000n\000g\000\040\000t\000h\000e\000\040\000b\000o\000o\000k}{chapter.8}% 31
\BOOKMARK [1][-]{section.8.2}{\376\377\000P\000u\000b\000l\000i\000s\000h\000i\000n\000g\000\040\000w\000i\000t\000h\000\040\000g\000i\000t\000h\000u\000b\000\040\000p\000a\000g\000e\000s}{chapter.8}% 32
